[ 2016-06-23T11:07:24+08:00 ] 192.168.0.185 /admin.php
INFO: [ app_init ] --START--
INFO: Run Behavior\BuildLiteBehavior [ RunTime:0.000000s ]
INFO: [ app_init ] --END-- [ RunTime:0.000000s ]
INFO: [ app_begin ] --START--
INFO: Run Behavior\ReadHtmlCacheBehavior [ RunTime:0.001000s ]
INFO: [ app_begin ] --END-- [ RunTime:0.001000s ]
INFO: [ view_parse ] --START--
INFO: [ template_filter ] --START--
INFO: Run Behavior\ContentReplaceBehavior [ RunTime:0.000000s ]
INFO: [ template_filter ] --END-- [ RunTime:0.000000s ]
INFO: Run Behavior\ParseTemplateBehavior [ RunTime:0.013000s ]
INFO: [ view_parse ] --END-- [ RunTime:0.013000s ]
INFO: [ view_filter ] --START--
INFO: Run Behavior\WriteHtmlCacheBehavior [ RunTime:0.000000s ]
INFO: [ view_filter ] --END-- [ RunTime:0.000000s ]
INFO: [ app_end ] --START--
INFO: Run Behavior\ShowPageTraceBehavior [ RunTime:0.001001s ]
INFO: [ app_end ] --END-- [ RunTime:0.001001s ]

[ 2016-06-23T11:07:24+08:00 ] 192.168.0.185 /admin.php/Home/Index/welcome1.html
INFO: [ app_init ] --START--
INFO: Run Behavior\BuildLiteBehavior [ RunTime:0.000000s ]
INFO: [ app_init ] --END-- [ RunTime:0.001000s ]
INFO: [ app_begin ] --START--
INFO: Run Behavior\ReadHtmlCacheBehavior [ RunTime:0.001000s ]
INFO: [ app_begin ] --END-- [ RunTime:0.001000s ]
INFO: [ view_parse ] --START--
INFO: [ template_filter ] --START--
INFO: Run Behavior\ContentReplaceBehavior [ RunTime:0.000000s ]
INFO: [ template_filter ] --END-- [ RunTime:0.000000s ]
INFO: Run Behavior\ParseTemplateBehavior [ RunTime:0.012001s ]
INFO: [ view_parse ] --END-- [ RunTime:0.012001s ]
INFO: [ view_filter ] --START--
INFO: Run Behavior\WriteHtmlCacheBehavior [ RunTime:0.001000s ]
INFO: [ view_filter ] --END-- [ RunTime:0.001000s ]
INFO: [ app_end ] --START--
INFO: Run Behavior\ShowPageTraceBehavior [ RunTime:0.000000s ]
INFO: [ app_end ] --END-- [ RunTime:0.000000s ]

[ 2016-06-23T11:07:31+08:00 ] 192.168.0.185 /admin.php/Home/news/newsList.html
INFO: [ app_init ] --START--
INFO: Run Behavior\BuildLiteBehavior [ RunTime:0.000000s ]
INFO: [ app_init ] --END-- [ RunTime:0.000000s ]
INFO: [ app_begin ] --START--
INFO: Run Behavior\ReadHtmlCacheBehavior [ RunTime:0.000000s ]
INFO: [ app_begin ] --END-- [ RunTime:0.000000s ]
INFO: [ view_parse ] --START--
INFO: [ template_filter ] --START--
INFO: Run Behavior\ContentReplaceBehavior [ RunTime:0.000000s ]
INFO: [ template_filter ] --END-- [ RunTime:0.000000s ]
INFO: Run Behavior\ParseTemplateBehavior [ RunTime:0.008001s ]
INFO: [ view_parse ] --END-- [ RunTime:0.008001s ]
INFO: [ view_filter ] --START--
INFO: Run Behavior\WriteHtmlCacheBehavior [ RunTime:0.000000s ]
INFO: [ view_filter ] --END-- [ RunTime:0.000000s ]
INFO: [ app_end ] --START--
INFO: Run Behavior\ShowPageTraceBehavior [ RunTime:0.001000s ]
INFO: [ app_end ] --END-- [ RunTime:0.001000s ]

[ 2016-06-23T11:07:45+08:00 ] 192.168.0.185 /admin.php/Home/news/newsADD.html
INFO: [ app_init ] --START--
INFO: Run Behavior\BuildLiteBehavior [ RunTime:0.000000s ]
INFO: [ app_init ] --END-- [ RunTime:0.000000s ]
INFO: [ app_begin ] --START--
INFO: Run Behavior\ReadHtmlCacheBehavior [ RunTime:0.001000s ]
INFO: [ app_begin ] --END-- [ RunTime:0.001000s ]
INFO: [ view_parse ] --START--
INFO: [ template_filter ] --START--
INFO: Run Behavior\ContentReplaceBehavior [ RunTime:0.000000s ]
INFO: [ template_filter ] --END-- [ RunTime:0.000000s ]
INFO: Run Behavior\ParseTemplateBehavior [ RunTime:0.011000s ]
INFO: [ view_parse ] --END-- [ RunTime:0.011000s ]
INFO: [ view_filter ] --START--
INFO: Run Behavior\WriteHtmlCacheBehavior [ RunTime:0.000000s ]
INFO: [ view_filter ] --END-- [ RunTime:0.000000s ]
INFO: [ app_end ] --START--
INFO: Run Behavior\ShowPageTraceBehavior [ RunTime:0.001000s ]
INFO: [ app_end ] --END-- [ RunTime:0.001000s ]

[ 2016-06-23T11:09:31+08:00 ] 192.168.0.185 /admin.php/Home/news/newsADD.html?file=&editorValue=%3Cp%3E%3Cbr%2F%3E%3C%2Fp%3E%3Ch1+label%3D%22Title+center%22+name%3D%22tc%22+style%3D%22border-bottom-color%3A%23cccccc%3Bborder-bottom-width%3A2px%3Bborder-bottom-style%3Asolid%3Bpadding%3A0px+4px+0px+0px%3Btext-align%3Acenter%3Bmargin%3A0px+0px+20px%3B%22+class%3D%22ue_t%22%3E%5B%E6%AD%A4%E5%A4%84%E9%94%AE%E5%85%A5%E6%96%87%E7%AB%A0%E6%A0%87%E9%A2%98%5D%3C%2Fh1%3E%3Cp%3E%3Cimg+alt%3D%22120x120.png%22+title%3D%221466651348552700.png%22+src%3D%22%2Fueditor%2Fphp%2Fupload%2Fimage%2F20160623%2F1466651348552700.png%22+style%3D%22width%3A300px%3Bheight%3A200px%3Bfloat%3Aleft%3B%22+border%3D%220%22+height%3D%22200%22+hspace%3D%220%22+vspace%3D%220%22+width%3D%22300%22%2F%3E%E5%9B%BE%E6%96%87%E6%B7%B7%E6%8E%92%E6%96%B9%E6%B3%95%3C%2Fp%3E%3Cp%3E1.+%E5%9B%BE%E7%89%87%E5%B1%85%E5%B7%A6%EF%BC%8C%E6%96%87%E5%AD%97%E5%9B%B4%E7%BB%95%E5%9B%BE%E7%89%87%E6%8E%92%E7%89%88%3C%2Fp%3E%3Cp%3E%E6%96%B9%E6%B3%95%EF%BC%9A%E5%9C%A8%E6%96%87%E5%AD%97%E5%89%8D%E9%9D%A2%E6%8F%92%E5%85%A5%E5%9B%BE%E7%89%87%EF%BC%8C%E8%AE%BE%E7%BD%AE%E5%B1%85%E5%B7%A6%E5%AF%B9%E9%BD%90%EF%BC%8C%E7%84%B6%E5%90%8E%E5%8D%B3%E5%8F%AF%E5%9C%A8%E5%8F%B3%E8%BE%B9%E8%BE%93%E5%85%A5%E5%A4%9A%E8%A1%8C%E6%96%87%E6%9C%AC%3C%2Fp%3E%3Cp%3E%3Cbr%2F%3E%3C%2Fp%3E%3Cp%3E2.+%E5%9B%BE%E7%89%87%E5%B1%85%E5%8F%B3%EF%BC%8C%E6%96%87%E5%AD%97%E5%9B%B4%E7%BB%95%E5%9B%BE%E7%89%87%E6%8E%92%E7%89%88%3C%2Fp%3E%3Cp%3E%E6%96%B9%E6%B3%95%EF%BC%9A%E5%9C%A8%E6%96%87%E5%AD%97%E5%89%8D%E9%9D%A2%E6%8F%92%E5%85%A5%E5%9B%BE%E7%89%87%EF%BC%8C%E8%AE%BE%E7%BD%AE%E5%B1%85%E5%8F%B3%E5%AF%B9%E9%BD%90%EF%BC%8C%E7%84%B6%E5%90%8E%E5%8D%B3%E5%8F%AF%E5%9C%A8%E5%B7%A6%E8%BE%B9%E8%BE%93%E5%85%A5%E5%A4%9A%E8%A1%8C%E6%96%87%E6%9C%AC%3C%2Fp%3E%3Cp%3E%3Cbr%2F%3E%3C%2Fp%3E%3Cp%3E3.+%E5%9B%BE%E7%89%87%E5%B1%85%E4%B8%AD%E7%8E%AF%E7%BB%95%E6%8E%92%E7%89%88%3C%2Fp%3E%3Cp%3E%E6%96%B9%E6%B3%95%EF%BC%9A%E4%BA%B2%EF%BC%8C%E8%BF%99%E4%B8%AA%E7%9C%9F%E5%BF%83%E6%B2%A1%E6%9C%89%E5%8A%9E%E6%B3%95%E3%80%82%E3%80%82%E3%80%82%3C%2Fp%3E%3Cp%3E%3Cbr%2F%3E%3C%2Fp%3E%3Cp%3E%3Cbr%2F%3E%3C%2Fp%3E%3Cp%3E%3Cimg+src%3D%22http%3A%2F%2Fimg.baidu.com%2Fhi%2Fyoua%2Fy_0040.gif%22+style%3D%22width%3A300px%3Bheight%3A300px%3Bfloat%3Aright%3B%22+border%3D%220%22+height%3D%22300%22+hspace%3D%220%22+vspace%3D%220%22+width%3D%22300%22%2F%3E%3C%2Fp%3E%3Cp%3E%E8%BF%98%E6%9C%89%E6%B2%A1%E6%9C%89%E4%BB%80%E4%B9%88%E5%85%B6%E4%BB%96%E7%9A%84%E7%8E%AF%E7%BB%95%E6%96%B9%E5%BC%8F%E5%91%A2%EF%BC%9F%E8%BF%99%E9%87%8C%E6%98%AF%E5%B1%85%E5%8F%B3%E7%8E%AF%E7%BB%95%3C%2Fp%3E%3Cp%3E%3Cbr%2F%3E%3C%2Fp%3E%3Cp%3E%E6%AC%A2%E8%BF%8E%E5%A4%A7%E5%AE%B6%E5%A4%9A%E5%A4%9A%E5%B0%9D%E8%AF%95%EF%BC%8C%E4%B8%BAUEditor%E6%8F%90%E4%BE%9B%E6%9B%B4%E5%A4%9A%E9%AB%98%E8%B4%A8%E9%87%8F%E6%A8%A1%E6%9D%BF%EF%BC%81%3C%2Fp%3E%3Cp%3E%3Cbr%2F%3E%3C%2Fp%3E%3Cp%3E%E5%8D%A0%E4%BD%8D%3C%2Fp%3E%3Cp%3E%3Cbr%2F%3E%3C%2Fp%3E%3Cp%3E%E5%8D%A0%E4%BD%8D%3C%2Fp%3E%3Cp%3E%3Cbr%2F%3E%3C%2Fp%3E%3Cp%3E%E5%8D%A0%E4%BD%8D%3C%2Fp%3E%3Cp%3E%3Cbr%2F%3E%3C%2Fp%3E%3Cp%3E%E5%8D%A0%E4%BD%8D%3C%2Fp%3E%3Cp%3E%3Cbr%2F%3E%3C%2Fp%3E%3Cp%3E%E5%8D%A0%E4%BD%8D%3C%2Fp%3E%3Cp%3E%3Cbr%2F%3E%3C%2Fp%3E%3Cp%3E%3Cbr%2F%3E%3C%2Fp%3E%3Cp%3E%3Cbr%2F%3E%3C%2Fp%3E
INFO: [ app_init ] --START--
INFO: Run Behavior\BuildLiteBehavior [ RunTime:0.000000s ]
INFO: [ app_init ] --END-- [ RunTime:0.000000s ]
INFO: [ app_begin ] --START--
INFO: Run Behavior\ReadHtmlCacheBehavior [ RunTime:0.000000s ]
INFO: [ app_begin ] --END-- [ RunTime:0.000000s ]
INFO: [ view_parse ] --START--
INFO: [ template_filter ] --START--
INFO: Run Behavior\ContentReplaceBehavior [ RunTime:0.001000s ]
INFO: [ template_filter ] --END-- [ RunTime:0.001000s ]
INFO: Run Behavior\ParseTemplateBehavior [ RunTime:0.008001s ]
INFO: [ view_parse ] --END-- [ RunTime:0.008001s ]
INFO: [ view_filter ] --START--
INFO: Run Behavior\WriteHtmlCacheBehavior [ RunTime:0.002000s ]
INFO: [ view_filter ] --END-- [ RunTime:0.002000s ]
INFO: [ app_end ] --START--
INFO: Run Behavior\ShowPageTraceBehavior [ RunTime:0.001000s ]
INFO: [ app_end ] --END-- [ RunTime:0.001000s ]

[ 2016-06-23T11:09:31+08:00 ] 192.168.0.185 /admin.php/Home/news/fileupload.php
INFO: [ app_init ] --START--
INFO: Run Behavior\BuildLiteBehavior [ RunTime:0.000000s ]
INFO: [ app_init ] --END-- [ RunTime:0.001000s ]
INFO: [ app_begin ] --START--
INFO: Run Behavior\ReadHtmlCacheBehavior [ RunTime:0.001000s ]
INFO: [ app_begin ] --END-- [ RunTime:0.001000s ]
ERR: 非法操作:fileupload.php

[ 2016-06-23T11:20:50+08:00 ] 192.168.0.185 /admin.php/home/product/CateList
INFO: [ app_init ] --START--
INFO: Run Behavior\BuildLiteBehavior [ RunTime:0.000000s ]
INFO: [ app_init ] --END-- [ RunTime:0.000000s ]
INFO: [ app_begin ] --START--
INFO: Run Behavior\ReadHtmlCacheBehavior [ RunTime:0.002000s ]
INFO: [ app_begin ] --END-- [ RunTime:0.002000s ]
INFO: [ view_parse ] --START--
INFO: [ template_filter ] --START--
INFO: Run Behavior\ContentReplaceBehavior [ RunTime:0.000000s ]
INFO: [ template_filter ] --END-- [ RunTime:0.000000s ]
INFO: Run Behavior\ParseTemplateBehavior [ RunTime:0.005000s ]
INFO: [ view_parse ] --END-- [ RunTime:0.005000s ]
INFO: [ view_filter ] --START--
INFO: Run Behavior\WriteHtmlCacheBehavior [ RunTime:0.001000s ]
INFO: [ view_filter ] --END-- [ RunTime:0.001000s ]
INFO: [ app_end ] --START--
INFO: Run Behavior\ShowPageTraceBehavior [ RunTime:0.000000s ]
INFO: [ app_end ] --END-- [ RunTime:0.000000s ]

[ 2016-06-23T11:20:50+08:00 ] 192.168.0.185 /admin.php/home/product/cateAdd.html
INFO: [ app_init ] --START--
INFO: Run Behavior\BuildLiteBehavior [ RunTime:0.000000s ]
INFO: [ app_init ] --END-- [ RunTime:0.000000s ]
INFO: [ app_begin ] --START--
INFO: Run Behavior\ReadHtmlCacheBehavior [ RunTime:0.000000s ]
INFO: [ app_begin ] --END-- [ RunTime:0.000000s ]
INFO: [ view_parse ] --START--
INFO: [ template_filter ] --START--
INFO: Run Behavior\ContentReplaceBehavior [ RunTime:0.000000s ]
INFO: [ template_filter ] --END-- [ RunTime:0.001000s ]
INFO: Run Behavior\ParseTemplateBehavior [ RunTime:0.006001s ]
INFO: [ view_parse ] --END-- [ RunTime:0.006001s ]
INFO: [ view_filter ] --START--
INFO: Run Behavior\WriteHtmlCacheBehavior [ RunTime:0.001000s ]
INFO: [ view_filter ] --END-- [ RunTime:0.001000s ]
INFO: [ app_end ] --START--
INFO: Run Behavior\ShowPageTraceBehavior [ RunTime:0.001000s ]
INFO: [ app_end ] --END-- [ RunTime:0.001000s ]

[ 2016-06-23T11:21:01+08:00 ] 192.168.0.185 /admin.php/Home/news/newsList.html
INFO: [ app_init ] --START--
INFO: Run Behavior\BuildLiteBehavior [ RunTime:0.000000s ]
INFO: [ app_init ] --END-- [ RunTime:0.000000s ]
INFO: [ app_begin ] --START--
INFO: Run Behavior\ReadHtmlCacheBehavior [ RunTime:0.000000s ]
INFO: [ app_begin ] --END-- [ RunTime:0.000000s ]
INFO: [ view_parse ] --START--
INFO: [ template_filter ] --START--
INFO: Run Behavior\ContentReplaceBehavior [ RunTime:0.000000s ]
INFO: [ template_filter ] --END-- [ RunTime:0.000000s ]
INFO: Run Behavior\ParseTemplateBehavior [ RunTime:0.007000s ]
INFO: [ view_parse ] --END-- [ RunTime:0.007000s ]
INFO: [ view_filter ] --START--
INFO: Run Behavior\WriteHtmlCacheBehavior [ RunTime:0.000000s ]
INFO: [ view_filter ] --END-- [ RunTime:0.000000s ]
INFO: [ app_end ] --START--
INFO: Run Behavior\ShowPageTraceBehavior [ RunTime:0.000000s ]
INFO: [ app_end ] --END-- [ RunTime:0.000000s ]

